http on port 8080
http on port 8080
http on port 8080
Fri Apr 14 2017 13:37:18 GMT+0000 (UTC) Connection accepted.
Fri Apr 14 2017 13:37:18 GMT+0000 (UTC) PID=1101 STARTED on behalf of user=
Fri Apr 14 2017 13:38:18 GMT+0000 (UTC) PID=1101 ENDED
http on port 8080
http on port 8080
http on port 8080
http on port 8080
http on port 8080
Tue Apr 18 2017 08:57:20 GMT+0000 (UTC) Connection accepted.
Tue Apr 18 2017 08:57:20 GMT+0000 (UTC) PID=1103 STARTED on behalf of user=
Tue Apr 18 2017 08:58:20 GMT+0000 (UTC) PID=1103 ENDED
http on port 8080
Tue Apr 18 2017 17:59:22 GMT+0000 (UTC) Connection accepted.
Tue Apr 18 2017 17:59:22 GMT+0000 (UTC) PID=1109 STARTED on behalf of user=
Tue Apr 18 2017 18:00:22 GMT+0000 (UTC) PID=1109 ENDED
http on port 8080
http on port 8080
http on port 8080
http on port 8080
http on port 8080
